# JRE version: OpenJDK Runtime Environment (21.0.6) (build 21.0.6+-13368085-b895.109)
# Java VM: OpenJDK 64-Bit Server VM (21.0.6+-13368085-b895.109, mixed mode, tiered, compressed oops, compressed class ptrs, g1 gc, windows-amd64)
GC Precious Log:
 CardTable entry size: 512
 Card Set container configuration: InlinePtr #cards 5 size 8 Array Of Cards #cards 12 size 40 Howl #buckets 4 coarsen threshold 1843 Howl Bitmap #cards 512 size 80 coarsen threshold 460 Card regions per heap region 1 cards per card region 2048
 CPUs: 4 total, 4 available
 Memory: 8025M
 Large Page Support: Disabled
 NUMA Support: Disabled
 Compressed Oops: Enabled (32-bit)
 Heap Region Size: 1M
 Heap Min Capacity: 8M
 Heap Initial Capacity: 126M
 Heap Max Capacity: 2G
 Pre-touch: Disabled
 Parallel Workers: 4
 Concurrent Workers: 1
 Concurrent Refinement Workers: 4
 Periodic GC: Disabled
Heap:
 garbage-first heap   total 455680K, used 221067K [0x0000000080000000, 0x0000000100000000)
  region size 1024K, 37 young (37888K), 25 survivors (25600K)
 Metaspace       used 167254K, committed 169920K, reserved 1245184K
  class space    used 21267K, committed 22592K, reserved 1048576K
GC Heap History (20 events):
Event: 28.137 GC heap before
{Heap before GC invocations=43 (full 0):
 garbage-first heap   total 219136K, used 198165K [0x0000000080000000, 0x0000000100000000)
  region size 1024K, 71 young (72704K), 7 survivors (7168K)
 Metaspace       used 143802K, committed 146112K, reserved 1179648K
  class space    used 18414K, committed 19584K, reserved 1048576K
}
Event: 28.155 GC heap after
{Heap after GC invocations=44 (full 0):
 garbage-first heap   total 219136K, used 135220K [0x0000000080000000, 0x0000000100000000)
  region size 1024K, 8 young (8192K), 8 survivors (8192K)
 Metaspace       used 143802K, committed 146112K, reserved 1179648K
  class space    used 18414K, committed 19584K, reserved 1048576K
}
Event: 28.643 GC heap before
{Heap before GC invocations=44 (full 0):
 garbage-first heap   total 219136K, used 196660K [0x0000000080000000, 0x0000000100000000)
  region size 1024K, 69 young (70656K), 8 survivors (8192K)
 Metaspace       used 143825K, committed 146176K, reserved 1179648K
  class space    used 18414K, committed 19584K, reserved 1048576K
}
Event: 28.656 GC heap after
{Heap after GC invocations=45 (full 0):
 garbage-first heap   total 219136K, used 136886K [0x0000000080000000, 0x0000000100000000)
  region size 1024K, 5 young (5120K), 5 survivors (5120K)
 Metaspace       used 143825K, committed 146176K, reserved 1179648K
  class space    used 18414K, committed 19584K, reserved 1048576K
}
Event: 29.425 GC heap before
{Heap before GC invocations=46 (full 0):
 garbage-first heap   total 229376K, used 214710K [0x0000000080000000, 0x0000000100000000)
  region size 1024K, 68 young (69632K), 5 survivors (5120K)
 Metaspace       used 143995K, committed 146368K, reserved 1179648K
  class space    used 18436K, committed 19584K, reserved 1048576K
}
Event: 29.438 GC heap after
{Heap after GC invocations=47 (full 0):
 garbage-first heap   total 229376K, used 144950K [0x0000000080000000, 0x0000000100000000)
  region size 1024K, 9 young (9216K), 9 survivors (9216K)
 Metaspace       used 143995K, committed 146368K, reserved 1179648K
  class space    used 18436K, committed 19584K, reserved 1048576K
}
Event: 29.836 GC heap before
{Heap before GC invocations=47 (full 0):
 garbage-first heap   total 229376K, used 220726K [0x0000000080000000, 0x0000000100000000)
  region size 1024K, 70 young (71680K), 9 survivors (9216K)
 Metaspace       used 144070K, committed 146432K, reserved 1179648K
  class space    used 18436K, committed 19584K, reserved 1048576K
}
Event: 29.921 GC heap after
{Heap after GC invocations=48 (full 0):
 garbage-first heap   total 247808K, used 163840K [0x0000000080000000, 0x0000000100000000)
  region size 1024K, 9 young (9216K), 9 survivors (9216K)
 Metaspace       used 144070K, committed 146432K, reserved 1179648K
  class space    used 18436K, committed 19584K, reserved 1048576K
}
Event: 29.944 GC heap before
{Heap before GC invocations=48 (full 0):
 garbage-first heap   total 247808K, used 165888K [0x0000000080000000, 0x0000000100000000)
  region size 1024K, 12 young (12288K), 9 survivors (9216K)
 Metaspace       used 144081K, committed 146432K, reserved 1179648K
  class space    used 18436K, committed 19584K, reserved 1048576K
}
Event: 29.960 GC heap after
{Heap after GC invocations=49 (full 0):
 garbage-first heap   total 247808K, used 165667K [0x0000000080000000, 0x0000000100000000)
  region size 1024K, 2 young (2048K), 2 survivors (2048K)
 Metaspace       used 144081K, committed 146432K, reserved 1179648K
  class space    used 18436K, committed 19584K, reserved 1048576K
}
Event: 30.677 GC heap before
{Heap before GC invocations=50 (full 0):
 garbage-first heap   total 278528K, used 224035K [0x0000000080000000, 0x0000000100000000)
  region size 1024K, 57 young (58368K), 2 survivors (2048K)
 Metaspace       used 144323K, committed 146688K, reserved 1179648K
  class space    used 18436K, committed 19584K, reserved 1048576K
}
Event: 30.689 GC heap after
{Heap after GC invocations=51 (full 0):
 garbage-first heap   total 278528K, used 170235K [0x0000000080000000, 0x0000000100000000)
  region size 1024K, 7 young (7168K), 7 survivors (7168K)
 Metaspace       used 144323K, committed 146688K, reserved 1179648K
  class space    used 18436K, committed 19584K, reserved 1048576K
}
Event: 33.497 GC heap before
{Heap before GC invocations=51 (full 0):
 garbage-first heap   total 278528K, used 252155K [0x0000000080000000, 0x0000000100000000)
  region size 1024K, 81 young (82944K), 7 survivors (7168K)
 Metaspace       used 149427K, committed 151744K, reserved 1245184K
  class space    used 18948K, committed 20096K, reserved 1048576K
}
Event: 33.514 GC heap after
{Heap after GC invocations=52 (full 0):
 garbage-first heap   total 455680K, used 180680K [0x0000000080000000, 0x0000000100000000)
  region size 1024K, 9 young (9216K), 9 survivors (9216K)
 Metaspace       used 149427K, committed 151744K, reserved 1245184K
  class space    used 18948K, committed 20096K, reserved 1048576K
}
Event: 37.959 GC heap before
{Heap before GC invocations=52 (full 0):
 garbage-first heap   total 455680K, used 353736K [0x0000000080000000, 0x0000000100000000)
  region size 1024K, 173 young (177152K), 9 survivors (9216K)
 Metaspace       used 163895K, committed 166400K, reserved 1245184K
  class space    used 20866K, committed 22144K, reserved 1048576K
}
Event: 37.984 GC heap after
{Heap after GC invocations=53 (full 0):
 garbage-first heap   total 455680K, used 192192K [0x0000000080000000, 0x0000000100000000)
  region size 1024K, 19 young (19456K), 19 survivors (19456K)
 Metaspace       used 163895K, committed 166400K, reserved 1245184K
  class space    used 20866K, committed 22144K, reserved 1048576K
}
Event: 38.105 GC heap before
{Heap before GC invocations=53 (full 0):
 garbage-first heap   total 455680K, used 198336K [0x0000000080000000, 0x0000000100000000)
  region size 1024K, 26 young (26624K), 19 survivors (19456K)
 Metaspace       used 164357K, committed 166912K, reserved 1245184K
  class space    used 20936K, committed 22208K, reserved 1048576K
}
Event: 38.136 GC heap after
{Heap after GC invocations=54 (full 0):
 garbage-first heap   total 455680K, used 192395K [0x0000000080000000, 0x0000000100000000)
  region size 1024K, 11 young (11264K), 11 survivors (11264K)
 Metaspace       used 164357K, committed 166912K, reserved 1245184K
  class space    used 20936K, committed 22208K, reserved 1048576K
}
Event: 43.850 GC heap before
{Heap before GC invocations=55 (full 0):
 garbage-first heap   total 455680K, used 418699K [0x0000000080000000, 0x0000000100000000)
  region size 1024K, 226 young (231424K), 11 survivors (11264K)
 Metaspace       used 167249K, committed 169920K, reserved 1245184K
  class space    used 21267K, committed 22592K, reserved 1048576K
}
Event: 43.903 GC heap after
{Heap after GC invocations=56 (full 0):
 garbage-first heap   total 455680K, used 209803K [0x0000000080000000, 0x0000000100000000)
  region size 1024K, 25 young (25600K), 25 survivors (25600K)
 Metaspace       used 167249K, committed 169920K, reserved 1245184K
  class space    used 21267K, committed 22592K, reserved 1048576K
}

