# JRE version: OpenJDK Runtime Environment (21.0.6) (build 21.0.6+-13368085-b895.109)
# Java VM: OpenJDK 64-Bit Server VM (21.0.6+-13368085-b895.109, mixed mode, tiered, compressed oops, compressed class ptrs, g1 gc, windows-amd64)
GC Precious Log:
 CardTable entry size: 512
 Card Set container configuration: InlinePtr #cards 5 size 8 Array Of Cards #cards 12 size 40 Howl #buckets 4 coarsen threshold 1843 Howl Bitmap #cards 512 size 80 coarsen threshold 460 Card regions per heap region 1 cards per card region 2048
 CPUs: 4 total, 4 available
 Memory: 8025M
 Large Page Support: Disabled
 NUMA Support: Disabled
 Compressed Oops: Enabled (32-bit)
 Heap Region Size: 1M
 Heap Min Capacity: 8M
 Heap Initial Capacity: 126M
 Heap Max Capacity: 2G
 Pre-touch: Disabled
 Parallel Workers: 4
 Concurrent Workers: 1
 Concurrent Refinement Workers: 4
 Periodic GC: Disabled
Heap:
 garbage-first heap   total 269312K, used 169957K [0x0000000080000000, 0x0000000100000000)
  region size 1024K, 2 young (2048K), 2 survivors (2048K)
 Metaspace       used 144810K, committed 147136K, reserved 1179648K
  class space    used 18434K, committed 19584K, reserved 1048576K
GC Heap History (20 events):
Event: 23.078 GC heap after
{Heap after GC invocations=39 (full 0):
 garbage-first heap   total 184320K, used 114572K [0x0000000080000000, 0x0000000100000000)
  region size 1024K, 7 young (7168K), 7 survivors (7168K)
 Metaspace       used 113063K, committed 115264K, reserved 1179648K
  class space    used 15103K, committed 16192K, reserved 1048576K
}
Event: 24.407 GC heap before
{Heap before GC invocations=39 (full 0):
 garbage-first heap   total 184320K, used 163724K [0x0000000080000000, 0x0000000100000000)
  region size 1024K, 56 young (57344K), 7 survivors (7168K)
 Metaspace       used 119828K, committed 122112K, reserved 1179648K
  class space    used 15941K, committed 17088K, reserved 1048576K
}
Event: 24.424 GC heap after
{Heap after GC invocations=40 (full 0):
 garbage-first heap   total 184320K, used 117618K [0x0000000080000000, 0x0000000100000000)
  region size 1024K, 7 young (7168K), 7 survivors (7168K)
 Metaspace       used 119828K, committed 122112K, reserved 1179648K
  class space    used 15941K, committed 17088K, reserved 1048576K
}
Event: 25.150 GC heap before
{Heap before GC invocations=41 (full 0):
 garbage-first heap   total 199680K, used 165746K [0x0000000080000000, 0x0000000100000000)
  region size 1024K, 53 young (54272K), 7 survivors (7168K)
 Metaspace       used 120640K, committed 122944K, reserved 1179648K
  class space    used 16022K, committed 17152K, reserved 1048576K
}
Event: 25.189 GC heap after
{Heap after GC invocations=42 (full 0):
 garbage-first heap   total 239616K, used 120728K [0x0000000080000000, 0x0000000100000000)
  region size 1024K, 7 young (7168K), 7 survivors (7168K)
 Metaspace       used 120640K, committed 122944K, reserved 1179648K
  class space    used 16022K, committed 17152K, reserved 1048576K
}
Event: 27.439 GC heap before
{Heap before GC invocations=42 (full 0):
 garbage-first heap   total 239616K, used 210840K [0x0000000080000000, 0x0000000100000000)
  region size 1024K, 95 young (97280K), 7 survivors (7168K)
 Metaspace       used 132451K, committed 134784K, reserved 1179648K
  class space    used 17345K, committed 18496K, reserved 1048576K
}
Event: 27.458 GC heap after
{Heap after GC invocations=43 (full 0):
 garbage-first heap   total 239616K, used 125149K [0x0000000080000000, 0x0000000100000000)
  region size 1024K, 12 young (12288K), 12 survivors (12288K)
 Metaspace       used 132451K, committed 134784K, reserved 1179648K
  class space    used 17345K, committed 18496K, reserved 1048576K
}
Event: 30.449 GC heap before
{Heap before GC invocations=43 (full 0):
 garbage-first heap   total 239616K, used 213213K [0x0000000080000000, 0x0000000100000000)
  region size 1024K, 98 young (100352K), 12 survivors (12288K)
 Metaspace       used 143571K, committed 145920K, reserved 1179648K
  class space    used 18405K, committed 19520K, reserved 1048576K
}
Event: 30.475 GC heap after
{Heap after GC invocations=44 (full 0):
 garbage-first heap   total 239616K, used 131145K [0x0000000080000000, 0x0000000100000000)
  region size 1024K, 12 young (12288K), 12 survivors (12288K)
 Metaspace       used 143571K, committed 145920K, reserved 1179648K
  class space    used 18405K, committed 19520K, reserved 1048576K
}
Event: 31.707 GC heap before
{Heap before GC invocations=45 (full 0):
 garbage-first heap   total 239616K, used 212041K [0x0000000080000000, 0x0000000100000000)
  region size 1024K, 92 young (94208K), 12 survivors (12288K)
 Metaspace       used 143904K, committed 146240K, reserved 1179648K
  class space    used 18405K, committed 19520K, reserved 1048576K
}
Event: 31.729 GC heap after
{Heap after GC invocations=46 (full 0):
 garbage-first heap   total 239616K, used 134598K [0x0000000080000000, 0x0000000100000000)
  region size 1024K, 9 young (9216K), 9 survivors (9216K)
 Metaspace       used 143904K, committed 146240K, reserved 1179648K
  class space    used 18405K, committed 19520K, reserved 1048576K
}
Event: 32.973 GC heap before
{Heap before GC invocations=46 (full 0):
 garbage-first heap   total 239616K, used 215494K [0x0000000080000000, 0x0000000100000000)
  region size 1024K, 89 young (91136K), 9 survivors (9216K)
 Metaspace       used 144064K, committed 146432K, reserved 1179648K
  class space    used 18428K, committed 19584K, reserved 1048576K
}
Event: 32.990 GC heap after
{Heap after GC invocations=47 (full 0):
 garbage-first heap   total 239616K, used 134884K [0x0000000080000000, 0x0000000100000000)
  region size 1024K, 6 young (6144K), 6 survivors (6144K)
 Metaspace       used 144064K, committed 146432K, reserved 1179648K
  class space    used 18428K, committed 19584K, reserved 1048576K
}
Event: 33.001 GC heap before
{Heap before GC invocations=47 (full 0):
 garbage-first heap   total 239616K, used 134884K [0x0000000080000000, 0x0000000100000000)
  region size 1024K, 7 young (7168K), 6 survivors (6144K)
 Metaspace       used 144064K, committed 146432K, reserved 1179648K
  class space    used 18428K, committed 19584K, reserved 1048576K
}
Event: 33.009 GC heap after
{Heap after GC invocations=48 (full 0):
 garbage-first heap   total 239616K, used 134884K [0x0000000080000000, 0x0000000100000000)
  region size 1024K, 6 young (6144K), 6 survivors (6144K)
 Metaspace       used 144064K, committed 146432K, reserved 1179648K
  class space    used 18428K, committed 19584K, reserved 1048576K
}
Event: 35.010 GC heap before
{Heap before GC invocations=49 (full 0):
 garbage-first heap   total 239616K, used 239332K [0x0000000080000000, 0x0000000100000000)
  region size 1024K, 87 young (89088K), 6 survivors (6144K)
 Metaspace       used 144151K, committed 146496K, reserved 1179648K
  class space    used 18428K, committed 19584K, reserved 1048576K
}
Event: 35.053 GC heap after
{Heap after GC invocations=50 (full 0):
 garbage-first heap   total 265216K, used 155921K [0x0000000080000000, 0x0000000100000000)
  region size 1024K, 12 young (12288K), 12 survivors (12288K)
 Metaspace       used 144151K, committed 146496K, reserved 1179648K
  class space    used 18428K, committed 19584K, reserved 1048576K
}
Event: 36.330 GC heap before
{Heap before GC invocations=50 (full 0):
 garbage-first heap   total 265216K, used 243985K [0x0000000080000000, 0x0000000100000000)
  region size 1024K, 90 young (92160K), 12 survivors (12288K)
 Metaspace       used 144766K, committed 147136K, reserved 1179648K
  class space    used 18430K, committed 19584K, reserved 1048576K
}
Event: 36.357 GC heap after
{Heap after GC invocations=51 (full 0):
 garbage-first heap   total 269312K, used 168448K [0x0000000080000000, 0x0000000100000000)
  region size 1024K, 11 young (11264K), 11 survivors (11264K)
 Metaspace       used 144766K, committed 147136K, reserved 1179648K
  class space    used 18430K, committed 19584K, reserved 1048576K
}
Event: 36.472 GC heap before
{Heap before GC invocations=51 (full 0):
 garbage-first heap   total 269312K, used 169472K [0x0000000080000000, 0x0000000100000000)
  region size 1024K, 13 young (13312K), 11 survivors (11264K)
 Metaspace       used 144810K, committed 147136K, reserved 1179648K
  class space    used 18434K, committed 19584K, reserved 1048576K
}

